<?xml version="1.0" encoding="UTF-8"?>
<testsuite name="ru.nsu.kotenkov.TestDrawing" tests="1" skipped="0" failures="0" errors="0" timestamp="2024-02-04T07:47:57" hostname="murenus" time="0.288">
  <properties/>
  <testcase name="Drawing" classname="ru.nsu.kotenkov.TestDrawing" time="0.288"/>
  <system-out><![CDATA[]]></system-out>
  <system-err><![CDATA[]]></system-err>
</testsuite>
